<?xml version="1.0" encoding="UTF-8"?>
<!-- Generated by org.testng.reporters.JUnitReportReporter -->
<testsuite hostname="HARIVYAS" failures="0" tests="3" name="testpackage.ParamTest" time="0.007" errors="0" timestamp="2022-09-29T16:35:09 IST" skipped="0">
  <testcase classname="testpackage.ParamTest" name="applyForLoan" time="0.000"/>
  <system-out/>
  <testcase classname="testpackage.ParamTest" name="applyForLoan" time="0.001"/>
  <system-out/>
  <testcase classname="testpackage.ParamTest" name="applyForLoan" time="0.006"/>
  <system-out/>
</testsuite> <!-- testpackage.ParamTest -->
