<?xml version="1.0" encoding="UTF-8"?>
<!-- Generated by org.testng.reporters.JUnitReportReporter -->
<testsuite hostname="HARIVYAS" failures="0" tests="1" name="testpackage.sample1" time="0.005" errors="0" timestamp="2022-09-29T14:39:23 IST" skipped="0">
  <testcase classname="testpackage.sample1" name="demo" time="0.005"/>
  <system-out/>
</testsuite> <!-- testpackage.sample1 -->
