<?xml version="1.0" encoding="UTF-8"?>
<!-- Generated by org.testng.reporters.JUnitReportReporter -->
<testsuite hostname="HARIVYAS" failures="0" tests="1" name="testpackage.sample" time="0.008" errors="0" timestamp="2022-09-29T13:54:46 IST" skipped="0">
  <testcase classname="testpackage.sample" name="demo" time="0.008"/>
  <system-out/>
</testsuite> <!-- testpackage.sample -->
