<?xml version="1.0" encoding="UTF-8"?>
<!-- Generated by org.testng.reporters.JUnitReportReporter -->
<testsuite hostname="HARIVYAS" failures="0" tests="3" name="loanapp.PersonalLoanAppTests" time="0.000" errors="0" timestamp="2022-09-29T19:22:38 IST" skipped="0">
  <testcase classname="loanapp.PersonalLoanAppTests" name="PersonalLoanLoginWeb" time="0.000"/>
  <system-out/>
  <testcase classname="loanapp.PersonalLoanAppTests" name="PersonalLoanLoginApi" time="0.000"/>
  <system-out/>
  <testcase classname="loanapp.PersonalLoanAppTests" name="PersonalLoanLoginMobile" time="0.000"/>
  <system-out/>
</testsuite> <!-- loanapp.PersonalLoanAppTests -->
