<?xml version="1.0" encoding="UTF-8"?>
<!-- Generated by org.testng.reporters.JUnitReportReporter -->
<testsuite hostname="HARIVYAS" failures="0" tests="3" name="loanapp.CarLoanAppTests" time="0.005" errors="0" timestamp="2022-09-29T19:22:38 IST" skipped="1">
  <testcase classname="loanapp.CarLoanAppTests" name="CarLoanLoginWeb" time="0.004"/>
  <system-out/>
  <testcase classname="loanapp.CarLoanAppTests" name="CarLoanLoginApi" time="0.001"/>
  <system-out/>
  <testcase classname="loanapp.CarLoanAppTests" name="CarLoanLoginMobile">
    <skipped/>
  </testcase> <!-- CarLoanLoginMobile -->
  <system-out/>
</testsuite> <!-- loanapp.CarLoanAppTests -->
