<?xml version="1.0" encoding="UTF-8"?>
<!-- Generated by org.testng.reporters.JUnitReportReporter -->
<testsuite hostname="HARIVYAS" failures="0" tests="3" name="loanapp.HomeLoanAppTests" time="0.008" errors="0" timestamp="2022-09-29T19:22:38 IST" skipped="0">
  <testcase classname="loanapp.HomeLoanAppTests" name="ApiHomeLoan" time="0.005"/>
  <system-out/>
  <testcase classname="loanapp.HomeLoanAppTests" name="WebHomeLoan" time="0.002"/>
  <system-out/>
  <testcase classname="loanapp.HomeLoanAppTests" name="MobileHomeLoan" time="0.001"/>
  <system-out/>
</testsuite> <!-- loanapp.HomeLoanAppTests -->
