<?xml version="1.0" encoding="UTF-8"?>
<!-- Generated by org.testng.reporters.JUnitReportReporter -->
<testsuite hostname="HARIVYAS" failures="0" tests="1" name="testpackage.sample2" time="0.001" errors="0" timestamp="2022-09-29T14:39:23 IST" skipped="0">
  <testcase classname="testpackage.sample2" name="demo2" time="0.001"/>
  <system-out/>
</testsuite> <!-- testpackage.sample2 -->
