<?xml version="1.0" encoding="UTF-8"?>
<!-- Generated by org.testng.reporters.JUnitReportReporter -->
<testsuite hostname="DESKTOP-ONJ642F" failures="0" tests="2" name="com.testing.AadharFullTest" time="49.776" errors="0" timestamp="2022-10-14T03:21:47 IST" skipped="0">
  <testcase classname="com.testing.AadharFullTest" name="citizenpage" time="42.393"/>
  <system-out/>
  <testcase classname="com.testing.AadharFullTest" name="adminpage" time="7.383"/>
  <system-out/>
</testsuite> <!-- com.testing.AadharFullTest -->
