<?xml version="1.0" encoding="UTF-8"?>
<!-- Generated by org.testng.reporters.JUnitReportReporter -->
<testsuite hostname="HARIVYAS" failures="0" tests="2" name="TestPackage.Testing" time="39.846" errors="0" timestamp="2022-09-30T21:09:55 IST" skipped="0">
  <testcase classname="TestPackage.Testing" name="login" time="11.788"/>
  <system-out/>
  <testcase classname="TestPackage.Testing" name="addtocart" time="28.058"/>
  <system-out/>
</testsuite> <!-- TestPackage.Testing -->
