<?xml version="1.0" encoding="UTF-8"?>
<!-- Generated by org.testng.reporters.JUnitReportReporter -->
<testsuite hostname="DESKTOP-ONJ642F" failures="0" tests="6" name="com.samples.Flipkart.SearchProduct" time="62.724" errors="0" timestamp="2022-10-11T21:35:24 IST" skipped="0">
  <testcase classname="com.samples.Flipkart.SearchProduct" name="searchProduct" time="10.882"/>
  <system-out/>
  <testcase classname="com.samples.Flipkart.SearchProduct" name="loadImage" time="12.954"/>
  <system-out/>
  <testcase classname="com.samples.Flipkart.SearchProduct" name="scrollPage" time="9.738"/>
  <system-out/>
  <testcase classname="com.samples.Flipkart.SearchProduct" name="scrollPageFrequency" time="7.300"/>
  <system-out/>
  <testcase classname="com.samples.Flipkart.SearchProduct" name="downloadBeforeScroll" time="10.175"/>
  <system-out/>
  <testcase classname="com.samples.Flipkart.SearchProduct" name="screenResolution" time="11.675"/>
  <system-out/>
</testsuite> <!-- com.samples.Flipkart.SearchProduct -->
