<?xml version="1.0" encoding="UTF-8"?>
<!-- Generated by org.testng.reporters.JUnitReportReporter -->
<testsuite hostname="DESKTOP-ONJ642F" failures="0" tests="1" name="TestingPackage.Testing" time="28.559" errors="0" timestamp="2022-10-11T12:52:16 IST" skipped="0">
  <testcase classname="TestingPackage.Testing" name="register" time="28.559"/>
  <system-out/>
</testsuite> <!-- TestingPackage.Testing -->
